2024-03-17 15:55:52.012+0000 INFO  Running in daemon mode, all <Console> appenders will be suppressed:
2024-03-17 15:55:52.014+0000 INFO  Removing console appender 'ConsoleAppender' with target 'SYSTEM_OUT'.
2024-03-17 15:55:52.014+0000 INFO  Logging config in use: File '/Users/aaron/Library/Application Support/Neo4j Desktop/Application/relate-data/dbmss/dbms-601e007b-36e9-46c0-ae68-9251ea38bdc6/conf/user-logs.xml'
2024-03-17 15:55:52.017+0000 INFO  The license agreement was accepted with environment variable NEO4J_ACCEPT_LICENSE_AGREEMENT=yes when the Software was started.


2024-03-17 15:55:52.035+0000 WARN  Use of deprecated setting 'dbms.backup.enabled'. It is replaced by 'server.backup.enabled'.
2024-03-17 15:55:52.035+0000 WARN  Use of deprecated setting 'dbms.jvm.additional'. It is replaced by 'server.jvm.additional'.
2024-03-17 15:55:52.035+0000 WARN  Use of deprecated setting 'dbms.memory.pagecache.size'. It is replaced by 'server.memory.pagecache.size'.
2024-03-17 15:55:52.035+0000 WARN  Use of deprecated setting 'dbms.memory.heap.max_size'. It is replaced by 'server.memory.heap.max_size'.
2024-03-17 15:55:52.035+0000 WARN  Use of deprecated setting 'dbms.memory.heap.initial_size'. It is replaced by 'server.memory.heap.initial_size'.
2024-03-17 15:55:52.037+0000 INFO  Starting...
2024-03-17 15:55:53.508+0000 INFO  ======== Neo4j 5.12.0 ========
2024-03-17 15:55:53.520+0000 INFO  This instance is ServerId{7678fc5f} (7678fc5f-2927-45e7-9350-72c0fd27450f)
2024-03-17 15:55:55.643+0000 INFO  Default database 'neo4j' is created
2024-03-17 15:55:55.928+0000 INFO  Sending metrics to CSV file at /Users/aaron/Library/Application Support/Neo4j Desktop/Application/relate-data/dbmss/dbms-601e007b-36e9-46c0-ae68-9251ea38bdc6/metrics
2024-03-17 15:55:55.959+0000 INFO  Bolt enabled on localhost:7687.
2024-03-17 15:55:55.961+0000 INFO  Bolt (Routing) enabled on localhost:7688.
2024-03-17 15:55:56.576+0000 INFO  HTTP enabled on localhost:7474.
2024-03-17 15:55:56.576+0000 INFO  Remote interface available at http://localhost:7474/
2024-03-17 15:55:56.579+0000 INFO  id: 405A6EF255902A791E8C0BFF0F4F6CF8FEE9B050E2D89E31F3A7D61C55B08F1B
2024-03-17 15:55:56.579+0000 INFO  name: system
2024-03-17 15:55:56.579+0000 INFO  creationDate: 2024-03-17T15:55:54.466Z
2024-03-17 15:55:56.579+0000 INFO  Started.
2024-03-17 16:06:40.862+0000 INFO  Neo4j Server shutdown initiated by request
2024-03-17 16:06:40.862+0000 INFO  Stopping...
2024-03-17 16:06:46.016+0000 INFO  Stopped.
2024-03-17 16:08:13.950+0000 INFO  Running in daemon mode, all <Console> appenders will be suppressed:
2024-03-17 16:08:13.953+0000 INFO  Removing console appender 'ConsoleAppender' with target 'SYSTEM_OUT'.
2024-03-17 16:08:13.953+0000 INFO  Logging config in use: File '/Users/aaron/Library/Application Support/Neo4j Desktop/Application/relate-data/dbmss/dbms-601e007b-36e9-46c0-ae68-9251ea38bdc6/conf/user-logs.xml'
2024-03-17 16:08:13.957+0000 INFO  The license agreement was accepted with environment variable NEO4J_ACCEPT_LICENSE_AGREEMENT=yes when the Software was started.


2024-03-17 16:08:13.973+0000 WARN  Use of deprecated setting 'dbms.backup.enabled'. It is replaced by 'server.backup.enabled'.
2024-03-17 16:08:13.973+0000 WARN  Use of deprecated setting 'dbms.jvm.additional'. It is replaced by 'server.jvm.additional'.
2024-03-17 16:08:13.973+0000 WARN  Use of deprecated setting 'dbms.memory.pagecache.size'. It is replaced by 'server.memory.pagecache.size'.
2024-03-17 16:08:13.973+0000 WARN  Use of deprecated setting 'dbms.memory.heap.max_size'. It is replaced by 'server.memory.heap.max_size'.
2024-03-17 16:08:13.973+0000 WARN  Use of deprecated setting 'dbms.memory.heap.initial_size'. It is replaced by 'server.memory.heap.initial_size'.
2024-03-17 16:08:13.975+0000 INFO  Starting...
2024-03-17 16:08:15.441+0000 INFO  ======== Neo4j 5.12.0 ========
2024-03-17 16:08:15.452+0000 INFO  This instance is ServerId{7678fc5f} (7678fc5f-2927-45e7-9350-72c0fd27450f)
2024-03-17 16:08:16.920+0000 INFO  Sending metrics to CSV file at /Users/aaron/Library/Application Support/Neo4j Desktop/Application/relate-data/dbmss/dbms-601e007b-36e9-46c0-ae68-9251ea38bdc6/metrics
2024-03-17 16:08:16.944+0000 INFO  Bolt enabled on localhost:7687.
2024-03-17 16:08:16.945+0000 INFO  Bolt (Routing) enabled on localhost:7688.
2024-03-17 16:08:17.444+0000 INFO  HTTP enabled on localhost:7474.
2024-03-17 16:08:17.444+0000 INFO  Remote interface available at http://localhost:7474/
2024-03-17 16:08:17.445+0000 INFO  id: 405A6EF255902A791E8C0BFF0F4F6CF8FEE9B050E2D89E31F3A7D61C55B08F1B
2024-03-17 16:08:17.445+0000 INFO  name: system
2024-03-17 16:08:17.445+0000 INFO  creationDate: 2024-03-17T15:55:54.466Z
2024-03-17 16:08:17.446+0000 INFO  Started.
2024-03-17 16:08:33.448+0000 INFO  Neo4j Server shutdown initiated by request
2024-03-17 16:08:33.449+0000 INFO  Stopping...
2024-03-17 16:08:38.572+0000 INFO  Stopped.
2024-03-17 16:08:52.799+0000 INFO  Running in daemon mode, all <Console> appenders will be suppressed:
2024-03-17 16:08:52.801+0000 INFO  Removing console appender 'ConsoleAppender' with target 'SYSTEM_OUT'.
2024-03-17 16:08:52.802+0000 INFO  Logging config in use: File '/Users/aaron/Library/Application Support/Neo4j Desktop/Application/relate-data/dbmss/dbms-601e007b-36e9-46c0-ae68-9251ea38bdc6/conf/user-logs.xml'
2024-03-17 16:08:52.805+0000 INFO  The license agreement was accepted with environment variable NEO4J_ACCEPT_LICENSE_AGREEMENT=yes when the Software was started.


2024-03-17 16:08:52.818+0000 WARN  Use of deprecated setting 'dbms.backup.enabled'. It is replaced by 'server.backup.enabled'.
2024-03-17 16:08:52.818+0000 WARN  Use of deprecated setting 'dbms.jvm.additional'. It is replaced by 'server.jvm.additional'.
2024-03-17 16:08:52.818+0000 WARN  Use of deprecated setting 'dbms.memory.pagecache.size'. It is replaced by 'server.memory.pagecache.size'.
2024-03-17 16:08:52.818+0000 WARN  Use of deprecated setting 'dbms.memory.heap.max_size'. It is replaced by 'server.memory.heap.max_size'.
2024-03-17 16:08:52.818+0000 WARN  Use of deprecated setting 'dbms.memory.heap.initial_size'. It is replaced by 'server.memory.heap.initial_size'.
2024-03-17 16:08:52.820+0000 INFO  Starting...
2024-03-17 16:08:54.109+0000 INFO  ======== Neo4j 5.12.0 ========
2024-03-17 16:08:54.118+0000 INFO  This instance is ServerId{7678fc5f} (7678fc5f-2927-45e7-9350-72c0fd27450f)
2024-03-17 16:08:55.565+0000 INFO  Sending metrics to CSV file at /Users/aaron/Library/Application Support/Neo4j Desktop/Application/relate-data/dbmss/dbms-601e007b-36e9-46c0-ae68-9251ea38bdc6/metrics
2024-03-17 16:08:55.589+0000 INFO  Bolt enabled on localhost:7687.
2024-03-17 16:08:55.590+0000 INFO  Bolt (Routing) enabled on localhost:7688.
2024-03-17 16:08:55.978+0000 INFO  HTTP enabled on localhost:7474.
2024-03-17 16:08:55.979+0000 INFO  Remote interface available at http://localhost:7474/
2024-03-17 16:08:55.980+0000 INFO  id: 405A6EF255902A791E8C0BFF0F4F6CF8FEE9B050E2D89E31F3A7D61C55B08F1B
2024-03-17 16:08:55.980+0000 INFO  name: system
2024-03-17 16:08:55.980+0000 INFO  creationDate: 2024-03-17T15:55:54.466Z
2024-03-17 16:08:55.980+0000 INFO  Started.
2024-03-17 16:09:03.043+0000 WARN  [bolt-22] Terminating connection due to network error
org.neo4j.bolt.protocol.error.streaming.BoltStreamingWriteException: Failed to transmit operation result: Response write failure
	at org.neo4j.bolt.protocol.common.fsm.response.NetworkResponseHandler.onSuccess(NetworkResponseHandler.java:184) ~[neo4j-bolt-5.12.0.jar:5.12.0]
	at org.neo4j.bolt.protocol.common.connector.connection.AtomicSchedulingConnection.lambda$interrupt$6(AtomicSchedulingConnection.java:466) ~[neo4j-bolt-5.12.0.jar:5.12.0]
	at org.neo4j.bolt.protocol.common.connector.connection.AtomicSchedulingConnection.executeJob(AtomicSchedulingConnection.java:340) ~[neo4j-bolt-5.12.0.jar:5.12.0]
	at org.neo4j.bolt.protocol.common.connector.connection.AtomicSchedulingConnection.doExecuteJobs(AtomicSchedulingConnection.java:314) ~[neo4j-bolt-5.12.0.jar:5.12.0]
	at org.neo4j.bolt.protocol.common.connector.connection.AtomicSchedulingConnection.executeJobs(AtomicSchedulingConnection.java:221) ~[neo4j-bolt-5.12.0.jar:5.12.0]
	at java.util.concurrent.Executors$RunnableAdapter.call(Executors.java:539) [?:?]
	at java.util.concurrent.FutureTask.run(FutureTask.java:264) [?:?]
	at java.util.concurrent.ThreadPoolExecutor.runWorker(ThreadPoolExecutor.java:1136) [?:?]
	at java.util.concurrent.ThreadPoolExecutor$Worker.run(ThreadPoolExecutor.java:635) [?:?]
	at java.lang.Thread.run(Thread.java:833) [?:?]
Caused by: io.netty.channel.StacklessClosedChannelException
	at io.netty.channel.AbstractChannel$AbstractUnsafe.write(Object, ChannelPromise)(Unknown Source) ~[netty-transport-4.1.96.Final.jar:4.1.96.Final]
2024-03-17 16:09:13.076+0000 INFO  Neo4j Server shutdown initiated by request
2024-03-17 16:09:13.077+0000 INFO  Stopping...
2024-03-17 16:09:18.160+0000 INFO  Stopped.
2024-03-17 16:09:23.040+0000 INFO  Running in daemon mode, all <Console> appenders will be suppressed:
2024-03-17 16:09:23.042+0000 INFO  Removing console appender 'ConsoleAppender' with target 'SYSTEM_OUT'.
2024-03-17 16:09:23.042+0000 INFO  Logging config in use: File '/Users/aaron/Library/Application Support/Neo4j Desktop/Application/relate-data/dbmss/dbms-601e007b-36e9-46c0-ae68-9251ea38bdc6/conf/user-logs.xml'
2024-03-17 16:09:23.046+0000 INFO  The license agreement was accepted with environment variable NEO4J_ACCEPT_LICENSE_AGREEMENT=yes when the Software was started.


2024-03-17 16:09:23.056+0000 WARN  Use of deprecated setting 'dbms.backup.enabled'. It is replaced by 'server.backup.enabled'.
2024-03-17 16:09:23.057+0000 WARN  Use of deprecated setting 'dbms.jvm.additional'. It is replaced by 'server.jvm.additional'.
2024-03-17 16:09:23.057+0000 WARN  Use of deprecated setting 'dbms.memory.pagecache.size'. It is replaced by 'server.memory.pagecache.size'.
2024-03-17 16:09:23.057+0000 WARN  Use of deprecated setting 'dbms.memory.heap.max_size'. It is replaced by 'server.memory.heap.max_size'.
2024-03-17 16:09:23.057+0000 WARN  Use of deprecated setting 'dbms.memory.heap.initial_size'. It is replaced by 'server.memory.heap.initial_size'.
2024-03-17 16:09:23.059+0000 INFO  Starting...
2024-03-17 16:09:24.376+0000 INFO  ======== Neo4j 5.12.0 ========
2024-03-17 16:09:24.386+0000 INFO  This instance is ServerId{7678fc5f} (7678fc5f-2927-45e7-9350-72c0fd27450f)
2024-03-17 16:09:25.787+0000 INFO  Sending metrics to CSV file at /Users/aaron/Library/Application Support/Neo4j Desktop/Application/relate-data/dbmss/dbms-601e007b-36e9-46c0-ae68-9251ea38bdc6/metrics
2024-03-17 16:09:25.813+0000 INFO  Bolt enabled on localhost:7687.
2024-03-17 16:09:25.814+0000 INFO  Bolt (Routing) enabled on localhost:7688.
2024-03-17 16:09:26.199+0000 INFO  HTTP enabled on localhost:7474.
2024-03-17 16:09:26.200+0000 INFO  Remote interface available at http://localhost:7474/
2024-03-17 16:09:26.201+0000 INFO  id: 405A6EF255902A791E8C0BFF0F4F6CF8FEE9B050E2D89E31F3A7D61C55B08F1B
2024-03-17 16:09:26.201+0000 INFO  name: system
2024-03-17 16:09:26.201+0000 INFO  creationDate: 2024-03-17T15:55:54.466Z
2024-03-17 16:09:26.202+0000 INFO  Started.
2024-03-17 16:09:33.082+0000 WARN  [bolt-23] Terminating connection due to network error
org.neo4j.bolt.protocol.error.streaming.BoltStreamingWriteException: Failed to transmit operation result: Response write failure
	at org.neo4j.bolt.protocol.common.fsm.response.NetworkResponseHandler.onSuccess(NetworkResponseHandler.java:184) ~[neo4j-bolt-5.12.0.jar:5.12.0]
	at org.neo4j.bolt.protocol.common.connector.connection.AtomicSchedulingConnection.lambda$interrupt$6(AtomicSchedulingConnection.java:466) ~[neo4j-bolt-5.12.0.jar:5.12.0]
	at org.neo4j.bolt.protocol.common.connector.connection.AtomicSchedulingConnection.executeJob(AtomicSchedulingConnection.java:340) ~[neo4j-bolt-5.12.0.jar:5.12.0]
	at org.neo4j.bolt.protocol.common.connector.connection.AtomicSchedulingConnection.doExecuteJobs(AtomicSchedulingConnection.java:314) ~[neo4j-bolt-5.12.0.jar:5.12.0]
	at org.neo4j.bolt.protocol.common.connector.connection.AtomicSchedulingConnection.executeJobs(AtomicSchedulingConnection.java:221) ~[neo4j-bolt-5.12.0.jar:5.12.0]
	at java.util.concurrent.Executors$RunnableAdapter.call(Executors.java:539) [?:?]
	at java.util.concurrent.FutureTask.run(FutureTask.java:264) [?:?]
	at java.util.concurrent.ThreadPoolExecutor.runWorker(ThreadPoolExecutor.java:1136) [?:?]
	at java.util.concurrent.ThreadPoolExecutor$Worker.run(ThreadPoolExecutor.java:635) [?:?]
	at java.lang.Thread.run(Thread.java:833) [?:?]
Caused by: io.netty.channel.StacklessClosedChannelException
	at io.netty.channel.AbstractChannel$AbstractUnsafe.write(Object, ChannelPromise)(Unknown Source) ~[netty-transport-4.1.96.Final.jar:4.1.96.Final]
2024-03-17 16:09:33.082+0000 WARN  [bolt-22] Terminating connection due to network error
org.neo4j.bolt.protocol.error.streaming.BoltStreamingWriteException: Failed to transmit operation result: Response write failure
	at org.neo4j.bolt.protocol.common.fsm.response.NetworkResponseHandler.onSuccess(NetworkResponseHandler.java:184) ~[neo4j-bolt-5.12.0.jar:5.12.0]
	at org.neo4j.bolt.protocol.common.connector.connection.AtomicSchedulingConnection.lambda$interrupt$6(AtomicSchedulingConnection.java:466) ~[neo4j-bolt-5.12.0.jar:5.12.0]
	at org.neo4j.bolt.protocol.common.connector.connection.AtomicSchedulingConnection.executeJob(AtomicSchedulingConnection.java:340) ~[neo4j-bolt-5.12.0.jar:5.12.0]
	at org.neo4j.bolt.protocol.common.connector.connection.AtomicSchedulingConnection.doExecuteJobs(AtomicSchedulingConnection.java:314) ~[neo4j-bolt-5.12.0.jar:5.12.0]
	at org.neo4j.bolt.protocol.common.connector.connection.AtomicSchedulingConnection.executeJobs(AtomicSchedulingConnection.java:221) ~[neo4j-bolt-5.12.0.jar:5.12.0]
	at java.util.concurrent.Executors$RunnableAdapter.call(Executors.java:539) [?:?]
	at java.util.concurrent.FutureTask.run(FutureTask.java:264) [?:?]
	at java.util.concurrent.ThreadPoolExecutor.runWorker(ThreadPoolExecutor.java:1136) [?:?]
	at java.util.concurrent.ThreadPoolExecutor$Worker.run(ThreadPoolExecutor.java:635) [?:?]
	at java.lang.Thread.run(Thread.java:833) [?:?]
Caused by: io.netty.channel.StacklessClosedChannelException
	at io.netty.channel.AbstractChannel$AbstractUnsafe.write(Object, ChannelPromise)(Unknown Source) ~[netty-transport-4.1.96.Final.jar:4.1.96.Final]
2024-03-17 16:28:00.704+0000 WARN  [bolt-61] The client is unauthorized due to authentication failure.
2024-03-21 00:37:35.991+0000 INFO  Neo4j Server shutdown initiated by request
2024-03-21 00:37:36.009+0000 INFO  Stopping...
2024-03-21 00:37:42.766+0000 INFO  Stopped.
2024-03-21 00:42:09.296+0000 INFO  Running in daemon mode, all <Console> appenders will be suppressed:
2024-03-21 00:42:09.305+0000 INFO  Removing console appender 'ConsoleAppender' with target 'SYSTEM_OUT'.
2024-03-21 00:42:09.306+0000 INFO  Logging config in use: File '/Users/aaron/Library/Application Support/Neo4j Desktop/Application/relate-data/dbmss/dbms-601e007b-36e9-46c0-ae68-9251ea38bdc6/conf/user-logs.xml'
2024-03-21 00:42:09.321+0000 INFO  The license agreement was accepted with environment variable NEO4J_ACCEPT_LICENSE_AGREEMENT=yes when the Software was started.


2024-03-21 00:42:09.390+0000 WARN  Use of deprecated setting 'dbms.backup.enabled'. It is replaced by 'server.backup.enabled'.
2024-03-21 00:42:09.390+0000 WARN  Use of deprecated setting 'dbms.jvm.additional'. It is replaced by 'server.jvm.additional'.
2024-03-21 00:42:09.390+0000 WARN  Use of deprecated setting 'dbms.memory.pagecache.size'. It is replaced by 'server.memory.pagecache.size'.
2024-03-21 00:42:09.390+0000 WARN  Use of deprecated setting 'dbms.memory.heap.max_size'. It is replaced by 'server.memory.heap.max_size'.
2024-03-21 00:42:09.391+0000 WARN  Use of deprecated setting 'dbms.memory.heap.initial_size'. It is replaced by 'server.memory.heap.initial_size'.
2024-03-21 00:42:09.401+0000 INFO  Starting...
2024-03-21 00:42:13.184+0000 INFO  ======== Neo4j 5.12.0 ========
2024-03-21 00:42:13.208+0000 INFO  This instance is ServerId{7678fc5f} (7678fc5f-2927-45e7-9350-72c0fd27450f)
2024-03-21 00:42:16.751+0000 INFO  Sending metrics to CSV file at /Users/aaron/Library/Application Support/Neo4j Desktop/Application/relate-data/dbmss/dbms-601e007b-36e9-46c0-ae68-9251ea38bdc6/metrics
2024-03-21 00:42:16.883+0000 INFO  Bolt enabled on localhost:7687.
2024-03-21 00:42:16.890+0000 INFO  Bolt (Routing) enabled on localhost:7688.
2024-03-21 00:42:18.677+0000 INFO  HTTP enabled on localhost:7474.
2024-03-21 00:42:18.678+0000 INFO  Remote interface available at http://localhost:7474/
2024-03-21 00:42:18.693+0000 INFO  id: 405A6EF255902A791E8C0BFF0F4F6CF8FEE9B050E2D89E31F3A7D61C55B08F1B
2024-03-21 00:42:18.694+0000 INFO  name: system
2024-03-21 00:42:18.694+0000 INFO  creationDate: 2024-03-17T15:55:54.466Z
2024-03-21 00:42:18.694+0000 INFO  Started.
2024-03-31 12:42:19.060+0000 INFO  Neo4j Server shutdown initiated by request
2024-03-31 12:42:19.067+0000 INFO  Stopping...
2024-03-31 12:42:24.651+0000 INFO  Stopped.
2024-03-31 14:23:29.934+0000 INFO  Running in daemon mode, all <Console> appenders will be suppressed:
2024-03-31 14:23:29.936+0000 INFO  Removing console appender 'ConsoleAppender' with target 'SYSTEM_OUT'.
2024-03-31 14:23:29.936+0000 INFO  Logging config in use: File '/Users/aaron/Library/Application Support/Neo4j Desktop/Application/relate-data/dbmss/dbms-601e007b-36e9-46c0-ae68-9251ea38bdc6/conf/user-logs.xml'
2024-03-31 14:23:29.940+0000 INFO  The license agreement was accepted with environment variable NEO4J_ACCEPT_LICENSE_AGREEMENT=yes when the Software was started.


2024-03-31 14:23:29.955+0000 WARN  Use of deprecated setting 'dbms.backup.enabled'. It is replaced by 'server.backup.enabled'.
2024-03-31 14:23:29.955+0000 WARN  Use of deprecated setting 'dbms.jvm.additional'. It is replaced by 'server.jvm.additional'.
2024-03-31 14:23:29.955+0000 WARN  Use of deprecated setting 'dbms.memory.pagecache.size'. It is replaced by 'server.memory.pagecache.size'.
2024-03-31 14:23:29.955+0000 WARN  Use of deprecated setting 'dbms.memory.heap.max_size'. It is replaced by 'server.memory.heap.max_size'.
2024-03-31 14:23:29.955+0000 WARN  Use of deprecated setting 'dbms.memory.heap.initial_size'. It is replaced by 'server.memory.heap.initial_size'.
2024-03-31 14:23:29.957+0000 INFO  Starting...
2024-03-31 14:23:31.384+0000 INFO  ======== Neo4j 5.12.0 ========
2024-03-31 14:23:31.394+0000 INFO  This instance is ServerId{7678fc5f} (7678fc5f-2927-45e7-9350-72c0fd27450f)
2024-03-31 14:23:32.848+0000 INFO  Sending metrics to CSV file at /Users/aaron/Library/Application Support/Neo4j Desktop/Application/relate-data/dbmss/dbms-601e007b-36e9-46c0-ae68-9251ea38bdc6/metrics
2024-03-31 14:23:32.868+0000 INFO  Bolt enabled on localhost:7687.
2024-03-31 14:23:32.871+0000 INFO  Bolt (Routing) enabled on localhost:7688.
2024-03-31 14:23:33.335+0000 INFO  HTTP enabled on localhost:7474.
2024-03-31 14:23:33.335+0000 INFO  Remote interface available at http://localhost:7474/
2024-03-31 14:23:33.337+0000 INFO  id: 405A6EF255902A791E8C0BFF0F4F6CF8FEE9B050E2D89E31F3A7D61C55B08F1B
2024-03-31 14:23:33.337+0000 INFO  name: system
2024-03-31 14:23:33.337+0000 INFO  creationDate: 2024-03-17T15:55:54.466Z
2024-03-31 14:23:33.337+0000 INFO  Started.
2024-03-31 14:23:38.901+0000 WARN  [bolt-5] Terminating connection due to network error
org.neo4j.bolt.protocol.error.streaming.BoltStreamingWriteException: Failed to transmit operation result: Response write failure
	at org.neo4j.bolt.protocol.common.fsm.response.NetworkResponseHandler.onSuccess(NetworkResponseHandler.java:184) ~[neo4j-bolt-5.12.0.jar:5.12.0]
	at org.neo4j.bolt.protocol.common.connector.connection.AtomicSchedulingConnection.lambda$interrupt$6(AtomicSchedulingConnection.java:466) ~[neo4j-bolt-5.12.0.jar:5.12.0]
	at org.neo4j.bolt.protocol.common.connector.connection.AtomicSchedulingConnection.executeJob(AtomicSchedulingConnection.java:340) ~[neo4j-bolt-5.12.0.jar:5.12.0]
	at org.neo4j.bolt.protocol.common.connector.connection.AtomicSchedulingConnection.doExecuteJobs(AtomicSchedulingConnection.java:314) ~[neo4j-bolt-5.12.0.jar:5.12.0]
	at org.neo4j.bolt.protocol.common.connector.connection.AtomicSchedulingConnection.executeJobs(AtomicSchedulingConnection.java:221) ~[neo4j-bolt-5.12.0.jar:5.12.0]
	at java.util.concurrent.Executors$RunnableAdapter.call(Executors.java:539) [?:?]
	at java.util.concurrent.FutureTask.run(FutureTask.java:264) [?:?]
	at java.util.concurrent.ThreadPoolExecutor.runWorker(ThreadPoolExecutor.java:1136) [?:?]
	at java.util.concurrent.ThreadPoolExecutor$Worker.run(ThreadPoolExecutor.java:635) [?:?]
	at java.lang.Thread.run(Thread.java:833) [?:?]
Caused by: io.netty.channel.StacklessClosedChannelException
	at io.netty.channel.AbstractChannel$AbstractUnsafe.write(Object, ChannelPromise)(Unknown Source) ~[netty-transport-4.1.96.Final.jar:4.1.96.Final]
2024-03-31 14:23:38.901+0000 WARN  [bolt-4] Terminating connection due to network error
org.neo4j.bolt.protocol.error.streaming.BoltStreamingWriteException: Failed to transmit operation result: Response write failure
	at org.neo4j.bolt.protocol.common.fsm.response.NetworkResponseHandler.onSuccess(NetworkResponseHandler.java:184) ~[neo4j-bolt-5.12.0.jar:5.12.0]
	at org.neo4j.bolt.protocol.common.connector.connection.AtomicSchedulingConnection.lambda$interrupt$6(AtomicSchedulingConnection.java:466) ~[neo4j-bolt-5.12.0.jar:5.12.0]
	at org.neo4j.bolt.protocol.common.connector.connection.AtomicSchedulingConnection.executeJob(AtomicSchedulingConnection.java:340) ~[neo4j-bolt-5.12.0.jar:5.12.0]
	at org.neo4j.bolt.protocol.common.connector.connection.AtomicSchedulingConnection.doExecuteJobs(AtomicSchedulingConnection.java:314) ~[neo4j-bolt-5.12.0.jar:5.12.0]
	at org.neo4j.bolt.protocol.common.connector.connection.AtomicSchedulingConnection.executeJobs(AtomicSchedulingConnection.java:221) ~[neo4j-bolt-5.12.0.jar:5.12.0]
	at java.util.concurrent.Executors$RunnableAdapter.call(Executors.java:539) [?:?]
	at java.util.concurrent.FutureTask.run(FutureTask.java:264) [?:?]
	at java.util.concurrent.ThreadPoolExecutor.runWorker(ThreadPoolExecutor.java:1136) [?:?]
	at java.util.concurrent.ThreadPoolExecutor$Worker.run(ThreadPoolExecutor.java:635) [?:?]
	at java.lang.Thread.run(Thread.java:833) [?:?]
Caused by: io.netty.channel.StacklessClosedChannelException
	at io.netty.channel.AbstractChannel$AbstractUnsafe.write(Object, ChannelPromise)(Unknown Source) ~[netty-transport-4.1.96.Final.jar:4.1.96.Final]
2024-03-31 15:24:57.393+0000 ERROR Client triggered an unexpected error [Neo.DatabaseError.General.UnknownError]: Lexical error at line 2, column 11.  Encountered: <EOF> after : "", reference 37c2715e-a3e8-47a6-8203-da9fca18e22d.
2024-03-31 16:14:32.775+0000 INFO  Neo4j Server shutdown initiated by request
2024-03-31 16:14:32.788+0000 INFO  Stopping...
2024-03-31 16:15:44.000+0000 INFO  Stopped.
2024-03-31 16:23:34.540+0000 INFO  Running in daemon mode, all <Console> appenders will be suppressed:
2024-03-31 16:23:34.542+0000 INFO  Removing console appender 'ConsoleAppender' with target 'SYSTEM_OUT'.
2024-03-31 16:23:34.542+0000 INFO  Logging config in use: File '/Users/aaron/Library/Application Support/Neo4j Desktop/Application/relate-data/dbmss/dbms-601e007b-36e9-46c0-ae68-9251ea38bdc6/conf/user-logs.xml'
2024-03-31 16:23:34.546+0000 INFO  The license agreement was accepted with environment variable NEO4J_ACCEPT_LICENSE_AGREEMENT=yes when the Software was started.


2024-03-31 16:23:34.562+0000 WARN  Use of deprecated setting 'dbms.backup.enabled'. It is replaced by 'server.backup.enabled'.
2024-03-31 16:23:34.562+0000 WARN  Use of deprecated setting 'dbms.jvm.additional'. It is replaced by 'server.jvm.additional'.
2024-03-31 16:23:34.562+0000 WARN  Use of deprecated setting 'dbms.memory.pagecache.size'. It is replaced by 'server.memory.pagecache.size'.
2024-03-31 16:23:34.563+0000 WARN  Use of deprecated setting 'dbms.memory.heap.max_size'. It is replaced by 'server.memory.heap.max_size'.
2024-03-31 16:23:34.563+0000 WARN  Use of deprecated setting 'dbms.memory.heap.initial_size'. It is replaced by 'server.memory.heap.initial_size'.
2024-03-31 16:23:34.564+0000 INFO  Starting...
2024-03-31 16:23:36.019+0000 INFO  ======== Neo4j 5.12.0 ========
2024-03-31 16:23:36.032+0000 INFO  This instance is ServerId{7678fc5f} (7678fc5f-2927-45e7-9350-72c0fd27450f)
2024-03-31 16:23:37.645+0000 INFO  Sending metrics to CSV file at /Users/aaron/Library/Application Support/Neo4j Desktop/Application/relate-data/dbmss/dbms-601e007b-36e9-46c0-ae68-9251ea38bdc6/metrics
2024-03-31 16:23:37.666+0000 INFO  Bolt enabled on localhost:7687.
2024-03-31 16:23:37.667+0000 INFO  Bolt (Routing) enabled on localhost:7688.
2024-03-31 16:23:38.130+0000 INFO  HTTP enabled on localhost:7474.
2024-03-31 16:23:38.130+0000 INFO  Remote interface available at http://localhost:7474/
2024-03-31 16:23:38.132+0000 INFO  id: 405A6EF255902A791E8C0BFF0F4F6CF8FEE9B050E2D89E31F3A7D61C55B08F1B
2024-03-31 16:23:38.132+0000 INFO  name: system
2024-03-31 16:23:38.132+0000 INFO  creationDate: 2024-03-17T15:55:54.466Z
2024-03-31 16:23:38.132+0000 INFO  Started.
2024-03-31 16:23:42.923+0000 WARN  [bolt-4] Terminating connection due to network error
org.neo4j.bolt.protocol.error.streaming.BoltStreamingWriteException: Failed to transmit operation result: Response write failure
	at org.neo4j.bolt.protocol.common.fsm.response.NetworkResponseHandler.onSuccess(NetworkResponseHandler.java:184) ~[neo4j-bolt-5.12.0.jar:5.12.0]
	at org.neo4j.bolt.protocol.common.connector.connection.AtomicSchedulingConnection.lambda$interrupt$6(AtomicSchedulingConnection.java:466) ~[neo4j-bolt-5.12.0.jar:5.12.0]
	at org.neo4j.bolt.protocol.common.connector.connection.AtomicSchedulingConnection.executeJob(AtomicSchedulingConnection.java:340) ~[neo4j-bolt-5.12.0.jar:5.12.0]
	at org.neo4j.bolt.protocol.common.connector.connection.AtomicSchedulingConnection.doExecuteJobs(AtomicSchedulingConnection.java:314) ~[neo4j-bolt-5.12.0.jar:5.12.0]
	at org.neo4j.bolt.protocol.common.connector.connection.AtomicSchedulingConnection.executeJobs(AtomicSchedulingConnection.java:221) ~[neo4j-bolt-5.12.0.jar:5.12.0]
	at java.util.concurrent.Executors$RunnableAdapter.call(Executors.java:539) [?:?]
	at java.util.concurrent.FutureTask.run(FutureTask.java:264) [?:?]
	at java.util.concurrent.ThreadPoolExecutor.runWorker(ThreadPoolExecutor.java:1136) [?:?]
	at java.util.concurrent.ThreadPoolExecutor$Worker.run(ThreadPoolExecutor.java:635) [?:?]
	at java.lang.Thread.run(Thread.java:833) [?:?]
Caused by: io.netty.channel.StacklessClosedChannelException
	at io.netty.channel.AbstractChannel$AbstractUnsafe.write(Object, ChannelPromise)(Unknown Source) ~[netty-transport-4.1.96.Final.jar:4.1.96.Final]
2024-03-31 16:23:42.923+0000 WARN  [bolt-5] Terminating connection due to network error
org.neo4j.bolt.protocol.error.streaming.BoltStreamingWriteException: Failed to transmit operation result: Response write failure
	at org.neo4j.bolt.protocol.common.fsm.response.NetworkResponseHandler.onSuccess(NetworkResponseHandler.java:184) ~[neo4j-bolt-5.12.0.jar:5.12.0]
	at org.neo4j.bolt.protocol.common.connector.connection.AtomicSchedulingConnection.lambda$interrupt$6(AtomicSchedulingConnection.java:466) ~[neo4j-bolt-5.12.0.jar:5.12.0]
	at org.neo4j.bolt.protocol.common.connector.connection.AtomicSchedulingConnection.executeJob(AtomicSchedulingConnection.java:340) ~[neo4j-bolt-5.12.0.jar:5.12.0]
	at org.neo4j.bolt.protocol.common.connector.connection.AtomicSchedulingConnection.doExecuteJobs(AtomicSchedulingConnection.java:314) ~[neo4j-bolt-5.12.0.jar:5.12.0]
	at org.neo4j.bolt.protocol.common.connector.connection.AtomicSchedulingConnection.executeJobs(AtomicSchedulingConnection.java:221) ~[neo4j-bolt-5.12.0.jar:5.12.0]
	at java.util.concurrent.Executors$RunnableAdapter.call(Executors.java:539) [?:?]
	at java.util.concurrent.FutureTask.run(FutureTask.java:264) [?:?]
	at java.util.concurrent.ThreadPoolExecutor.runWorker(ThreadPoolExecutor.java:1136) [?:?]
	at java.util.concurrent.ThreadPoolExecutor$Worker.run(ThreadPoolExecutor.java:635) [?:?]
	at java.lang.Thread.run(Thread.java:833) [?:?]
Caused by: io.netty.channel.StacklessClosedChannelException
	at io.netty.channel.AbstractChannel$AbstractUnsafe.write(Object, ChannelPromise)(Unknown Source) ~[netty-transport-4.1.96.Final.jar:4.1.96.Final]
2024-03-31 16:28:33.809+0000 INFO  Neo4j Server shutdown initiated by request
2024-03-31 16:28:33.809+0000 INFO  Stopping...
2024-03-31 16:28:38.912+0000 INFO  Stopped.
2024-03-31 16:32:28.828+0000 INFO  Logging config in use: File '/var/lib/neo4j/conf/user-logs.xml'
2024-03-31 16:32:28.866+0000 INFO  Starting...
2024-03-31 16:32:29.663+0000 INFO  This instance is ServerId{7678fc5f} (7678fc5f-2927-45e7-9350-72c0fd27450f)
2024-03-31 16:32:30.077+0000 INFO  ======== Neo4j 5.18.1 ========
2024-03-31 16:32:32.085+0000 INFO  Bolt enabled on 0.0.0.0:7687.
2024-03-31 16:32:32.587+0000 INFO  HTTP enabled on 0.0.0.0:7474.
2024-03-31 16:32:32.590+0000 INFO  Remote interface available at http://localhost:7474/
2024-03-31 16:32:32.595+0000 INFO  id: 405A6EF255902A791E8C0BFF0F4F6CF8FEE9B050E2D89E31F3A7D61C55B08F1B
2024-03-31 16:32:32.597+0000 INFO  name: system
2024-03-31 16:32:32.600+0000 INFO  creationDate: 2024-03-17T15:55:54.466Z
2024-03-31 16:32:32.602+0000 INFO  Started.
2024-03-31 16:33:45.153+0000 INFO  Neo4j Server shutdown initiated by request
2024-03-31 16:33:45.154+0000 INFO  Stopping...
2024-03-31 16:33:50.482+0000 INFO  Stopped.
2024-03-31 16:35:54.899+0000 INFO  Logging config in use: File '/var/lib/neo4j/conf/user-logs.xml'
2024-03-31 16:35:54.918+0000 INFO  Starting...
2024-03-31 16:35:56.184+0000 INFO  This instance is ServerId{7678fc5f} (7678fc5f-2927-45e7-9350-72c0fd27450f)
2024-03-31 16:35:56.828+0000 INFO  ======== Neo4j 5.18.1 ========
2024-03-31 16:36:00.229+0000 INFO  Bolt enabled on 0.0.0.0:7687.
2024-03-31 16:36:00.883+0000 INFO  HTTP enabled on 0.0.0.0:7474.
2024-03-31 16:36:00.887+0000 INFO  Remote interface available at http://localhost:7474/
2024-03-31 16:36:00.892+0000 INFO  id: 405A6EF255902A791E8C0BFF0F4F6CF8FEE9B050E2D89E31F3A7D61C55B08F1B
2024-03-31 16:36:00.894+0000 INFO  name: system
2024-03-31 16:36:00.896+0000 INFO  creationDate: 2024-03-17T15:55:54.466Z
2024-03-31 16:36:00.898+0000 INFO  Started.
2024-03-31 16:36:27.984+0000 INFO  Neo4j Server shutdown initiated by request
2024-03-31 16:36:27.988+0000 INFO  Stopping...
2024-03-31 16:36:33.539+0000 INFO  Stopped.
